  pipeline.cpp
c:\program files (x86)\microsoft visual studio\2017\community\vc\tools\msvc\14.15.26726\include\array(225): error C2079: “std::array<vec,3>::_Elems”使用未定义的 class“vec”
  d:\vscode\rasterization\rasterization\triangle.h(7): note: 参见对正在编译的 类 模板 实例化 "std::array<vec,3>" 的引用
d:\vscode\rasterization\rasterization\triangle.h(13): error C2582: “operator =”函数在“vec”中不可用
d:\vscode\rasterization\rasterization\triangle.h(14): error C2582: “operator =”函数在“vec”中不可用
d:\vscode\rasterization\rasterization\triangle.h(15): error C2582: “operator =”函数在“vec”中不可用
d:\vscode\rasterization\rasterization\pipeline.cpp(62): warning C4244: “参数”: 从“double”转换到“float”，可能丢失数据
d:\vscode\rasterization\rasterization\pipeline.cpp(63): warning C4244: “参数”: 从“double”转换到“float”，可能丢失数据
  triangle.cpp
c:\program files (x86)\microsoft visual studio\2017\community\vc\tools\msvc\14.15.26726\include\array(225): error C2079: “std::array<vec,3>::_Elems”使用未定义的 class“vec”
  d:\vscode\rasterization\rasterization\triangle.h(7): note: 参见对正在编译的 类 模板 实例化 "std::array<vec,3>" 的引用
d:\vscode\rasterization\rasterization\triangle.h(13): error C2582: “operator =”函数在“vec”中不可用
d:\vscode\rasterization\rasterization\triangle.h(14): error C2582: “operator =”函数在“vec”中不可用
d:\vscode\rasterization\rasterization\triangle.h(15): error C2582: “operator =”函数在“vec”中不可用
  vec.cpp
d:\vscode\rasterization\rasterization\vec.cpp(16): error C2027: 使用了未定义类型“mtx”
  d:\vscode\rasterization\rasterization\vec.cpp(12): note: 参见“mtx”的声明
d:\vscode\rasterization\rasterization\vec.cpp(17): error C2027: 使用了未定义类型“mtx”
  d:\vscode\rasterization\rasterization\vec.cpp(12): note: 参见“mtx”的声明
d:\vscode\rasterization\rasterization\vec.cpp(18): error C2027: 使用了未定义类型“mtx”
  d:\vscode\rasterization\rasterization\vec.cpp(12): note: 参见“mtx”的声明
d:\vscode\rasterization\rasterization\vec.cpp(19): error C2027: 使用了未定义类型“mtx”
  d:\vscode\rasterization\rasterization\vec.cpp(12): note: 参见“mtx”的声明
  正在生成代码...
